<?xml version="1.0" encoding="utf-8"?>
<assemblies timestamp="06/24/2020 10:41:49">
  <assembly name="C:\Users\Sam\Documents\Code\healthgateway\Apps\AdminWebClient\test\unit\bin\Debug\netcoreapp3.1\AdminWebClientTests.dll" run-date="2020-06-24" run-time="10:41:49" total="4" passed="4" failed="0" skipped="0" time="0.528" errors="0">
    <errors />
    <collection total="2" passed="2" failed="0" skipped="0" name="Test collection for HealthGateway.Admin.Test.Services.CommunicationControllerTest" time="0.236">
      <test name="HealthGateway.Admin.Test.Services.CommunicationControllerTest.ShouldAddCommunication" type="HealthGateway.Admin.Test.Services.CommunicationControllerTest" method="ShouldAddCommunication" time="0.2100897" result="Pass">
        <traits />
      </test>
      <test name="HealthGateway.Admin.Test.Services.CommunicationControllerTest.ShouldGetCommunications" type="HealthGateway.Admin.Test.Services.CommunicationControllerTest" method="ShouldGetCommunications" time="0.0257500" result="Pass">
        <traits />
      </test>
    </collection>
    <collection total="2" passed="2" failed="0" skipped="0" name="Test collection for HealthGateway.Admin.Test.Services.CommunicationServiceTest" time="0.292">
      <test name="HealthGateway.Admin.Test.Services.CommunicationServiceTest.ShouldGetCommunications" type="HealthGateway.Admin.Test.Services.CommunicationServiceTest" method="ShouldGetCommunications" time="0.2776137" result="Pass">
        <traits />
      </test>
      <test name="HealthGateway.Admin.Test.Services.CommunicationServiceTest.ShouldAddCommunication" type="HealthGateway.Admin.Test.Services.CommunicationServiceTest" method="ShouldAddCommunication" time="0.0146401" result="Pass">
        <traits />
      </test>
    </collection>
  </assembly>
</assemblies>